Traceback (most recent call last):
  File "/opt/hostedtoolcache/Python/3.10.14/x64/lib/python3.10/site-packages/jupyter_cache/executors/utils.py", line 58, in single_nb_execution
    executenb(
  File "/opt/hostedtoolcache/Python/3.10.14/x64/lib/python3.10/site-packages/nbclient/client.py", line 1314, in execute
    return NotebookClient(nb=nb, resources=resources, km=km, **kwargs).execute()
  File "/opt/hostedtoolcache/Python/3.10.14/x64/lib/python3.10/site-packages/jupyter_core/utils/__init__.py", line 165, in wrapped
    return loop.run_until_complete(inner)
  File "/opt/hostedtoolcache/Python/3.10.14/x64/lib/python3.10/asyncio/base_events.py", line 649, in run_until_complete
    return future.result()
  File "/opt/hostedtoolcache/Python/3.10.14/x64/lib/python3.10/site-packages/nbclient/client.py", line 709, in async_execute
    await self.async_execute_cell(
  File "/opt/hostedtoolcache/Python/3.10.14/x64/lib/python3.10/site-packages/nbclient/client.py", line 1062, in async_execute_cell
    await self._check_raise_for_error(cell, cell_index, exec_reply)
  File "/opt/hostedtoolcache/Python/3.10.14/x64/lib/python3.10/site-packages/nbclient/client.py", line 918, in _check_raise_for_error
    raise CellExecutionError.from_cell_and_msg(cell, exec_reply_content)
nbclient.exceptions.CellExecutionError: An error occurred while executing the following cell:
------------------
from IPython.display import SVG, display

import os
import numpy as np
import pandas as pd
import matplotlib.pyplot as plt

from megabouts.tracking_data.tracking_data import TrackingConfig
from megabouts.tracking_data.load_example import load_example_data
from megabouts.tracking_data.tracking_data import FullTrackingData

from megabouts.preprocessing.traj_preprocessing import TrajPreprocessingConfig
from megabouts.preprocessing.traj_preprocessing import TrajPreprocessingResult
from megabouts.preprocessing.traj_preprocessing import TrajPreprocessing
------------------


[0;31m---------------------------------------------------------------------------[0m
[0;31mModuleNotFoundError[0m                       Traceback (most recent call last)
Cell [0;32mIn[1], line 12[0m
[1;32m      9[0m [38;5;28;01mfrom[39;00m [38;5;21;01mmegabouts[39;00m[38;5;21;01m.[39;00m[38;5;21;01mtracking_data[39;00m[38;5;21;01m.[39;00m[38;5;21;01mload_example[39;00m [38;5;28;01mimport[39;00m load_example_data
[1;32m     10[0m [38;5;28;01mfrom[39;00m [38;5;21;01mmegabouts[39;00m[38;5;21;01m.[39;00m[38;5;21;01mtracking_data[39;00m[38;5;21;01m.[39;00m[38;5;21;01mtracking_data[39;00m [38;5;28;01mimport[39;00m FullTrackingData
[0;32m---> 12[0m [38;5;28;01mfrom[39;00m [38;5;21;01mmegabouts[39;00m[38;5;21;01m.[39;00m[38;5;21;01mpreprocessing[39;00m[38;5;21;01m.[39;00m[38;5;21;01mtraj_preprocessing[39;00m [38;5;28;01mimport[39;00m TrajPreprocessingConfig
[1;32m     13[0m [38;5;28;01mfrom[39;00m [38;5;21;01mmegabouts[39;00m[38;5;21;01m.[39;00m[38;5;21;01mpreprocessing[39;00m[38;5;21;01m.[39;00m[38;5;21;01mtraj_preprocessing[39;00m [38;5;28;01mimport[39;00m TrajPreprocessingResult
[1;32m     14[0m [38;5;28;01mfrom[39;00m [38;5;21;01mmegabouts[39;00m[38;5;21;01m.[39;00m[38;5;21;01mpreprocessing[39;00m[38;5;21;01m.[39;00m[38;5;21;01mtraj_preprocessing[39;00m [38;5;28;01mimport[39;00m TrajPreprocessing

File [0;32m/opt/hostedtoolcache/Python/3.10.14/x64/lib/python3.10/site-packages/megabouts/preprocessing/traj_preprocessing.py:8[0m
[1;32m      6[0m [38;5;28;01mfrom[39;00m [38;5;21;01mmegabouts[39;00m[38;5;21;01m.[39;00m[38;5;21;01mutils[39;00m[38;5;21;01m.[39;00m[38;5;21;01mutils_math[39;00m [38;5;28;01mimport[39;00m robust_diff
[1;32m      7[0m [38;5;28;01mfrom[39;00m [38;5;21;01mtyping[39;00m [38;5;28;01mimport[39;00m Tuple
[0;32m----> 8[0m [38;5;28;01mfrom[39;00m [38;5;21;01mmegabouts[39;00m[38;5;21;01m.[39;00m[38;5;21;01mpreprocessing[39;00m[38;5;21;01m.[39;00m[38;5;21;01mtail_preprocessing[39;00m [38;5;28;01mimport[39;00m PreprocessingConfig
[1;32m     11[0m [38;5;129m@dataclass[39m
[1;32m     12[0m [38;5;28;01mclass[39;00m [38;5;21;01mTrajPreprocessingConfig[39;00m(PreprocessingConfig):
[1;32m     13[0m [38;5;250m    [39m[38;5;124;03m"""Configuration for head trajectory preprocessing.[39;00m
[1;32m     14[0m 
[1;32m     15[0m [38;5;124;03m    All parameters values relative to time should be in ms.[39;00m
[0;32m   (...)[0m
[1;32m     21[0m [38;5;124;03m        lag_kinematic_activity_ms (float): Lag for kinematic activity in milliseconds.[39;00m
[1;32m     22[0m [38;5;124;03m    """[39;00m

File [0;32m/opt/hostedtoolcache/Python/3.10.14/x64/lib/python3.10/site-packages/megabouts/preprocessing/tail_preprocessing.py:10[0m
[1;32m      7[0m [38;5;28;01mfrom[39;00m [38;5;21;01mscipy[39;00m[38;5;21;01m.[39;00m[38;5;21;01msignal[39;00m[38;5;21;01m.[39;00m[38;5;21;01mwindows[39;00m [38;5;28;01mimport[39;00m boxcar
[1;32m      8[0m [38;5;28;01mfrom[39;00m [38;5;21;01msklearn[39;00m[38;5;21;01m.[39;00m[38;5;21;01mdecomposition[39;00m [38;5;28;01mimport[39;00m PCA
[0;32m---> 10[0m [38;5;28;01mfrom[39;00m [38;5;21;01mmegabouts[39;00m[38;5;21;01m.[39;00m[38;5;21;01mpipeline[39;00m[38;5;21;01m.[39;00m[38;5;21;01mbase_config[39;00m [38;5;28;01mimport[39;00m BaseConfig
[1;32m     11[0m [38;5;28;01mfrom[39;00m [38;5;21;01mmegabouts[39;00m[38;5;21;01m.[39;00m[38;5;21;01mpreprocessing[39;00m[38;5;21;01m.[39;00m[38;5;21;01mbaseline[39;00m [38;5;28;01mimport[39;00m compute_baseline
[1;32m     12[0m [38;5;28;01mfrom[39;00m [38;5;21;01mmegabouts[39;00m[38;5;21;01m.[39;00m[38;5;21;01mutils[39;00m[38;5;21;01m.[39;00m[38;5;21;01mutils_math[39;00m [38;5;28;01mimport[39;00m robust_diff

[0;31mModuleNotFoundError[0m: No module named 'megabouts.pipeline'

