Traceback (most recent call last):
  File "/opt/hostedtoolcache/Python/3.10.15/x64/lib/python3.10/site-packages/jupyter_cache/executors/utils.py", line 58, in single_nb_execution
    executenb(
  File "/opt/hostedtoolcache/Python/3.10.15/x64/lib/python3.10/site-packages/nbclient/client.py", line 1269, in execute
    return NotebookClient(nb=nb, resources=resources, km=km, **kwargs).execute()
  File "/opt/hostedtoolcache/Python/3.10.15/x64/lib/python3.10/site-packages/nbclient/util.py", line 85, in wrapped
    return just_run(coro(*args, **kwargs))
  File "/opt/hostedtoolcache/Python/3.10.15/x64/lib/python3.10/site-packages/nbclient/util.py", line 60, in just_run
    return loop.run_until_complete(coro)
  File "/opt/hostedtoolcache/Python/3.10.15/x64/lib/python3.10/asyncio/base_events.py", line 649, in run_until_complete
    return future.result()
  File "/opt/hostedtoolcache/Python/3.10.15/x64/lib/python3.10/site-packages/nbclient/client.py", line 707, in async_execute
    await self.async_execute_cell(
  File "/opt/hostedtoolcache/Python/3.10.15/x64/lib/python3.10/site-packages/nbclient/client.py", line 1025, in async_execute_cell
    await self._check_raise_for_error(cell, cell_index, exec_reply)
  File "/opt/hostedtoolcache/Python/3.10.15/x64/lib/python3.10/site-packages/nbclient/client.py", line 919, in _check_raise_for_error
    raise CellExecutionError.from_cell_and_msg(cell, exec_reply_content)
nbclient.exceptions.CellExecutionError: An error occurred while executing the following cell:
------------------
import numpy as np
import matplotlib.pyplot as plt
import matplotlib.gridspec as gridspec

from megabouts.tracking_data import TrackingConfig, HeadTrackingData, load_example_data
from megabouts.pipeline import HeadTrackingPipeline
from megabouts.config import TrajSegmentationConfig
from megabouts.utils import (
    bouts_category_name,
    bouts_category_name_short,
    bouts_category_color,
    cmp_bouts,
)
------------------

[0;31m---------------------------------------------------------------------------[0m
[0;31mModuleNotFoundError[0m                       Traceback (most recent call last)
Cell [0;32mIn[1], line 6[0m
[1;32m      3[0m [38;5;28;01mimport[39;00m [38;5;21;01mmatplotlib[39;00m[38;5;21;01m.[39;00m[38;5;21;01mgridspec[39;00m [38;5;28;01mas[39;00m [38;5;21;01mgridspec[39;00m
[1;32m      5[0m [38;5;28;01mfrom[39;00m [38;5;21;01mmegabouts[39;00m[38;5;21;01m.[39;00m[38;5;21;01mtracking_data[39;00m [38;5;28;01mimport[39;00m TrackingConfig, HeadTrackingData, load_example_data
[0;32m----> 6[0m [38;5;28;01mfrom[39;00m [38;5;21;01mmegabouts[39;00m[38;5;21;01m.[39;00m[38;5;21;01mpipeline[39;00m [38;5;28;01mimport[39;00m HeadTrackingPipeline
[1;32m      7[0m [38;5;28;01mfrom[39;00m [38;5;21;01mmegabouts[39;00m[38;5;21;01m.[39;00m[38;5;21;01mconfig[39;00m [38;5;28;01mimport[39;00m TrajSegmentationConfig
[1;32m      8[0m [38;5;28;01mfrom[39;00m [38;5;21;01mmegabouts[39;00m[38;5;21;01m.[39;00m[38;5;21;01mutils[39;00m [38;5;28;01mimport[39;00m (
[1;32m      9[0m     bouts_category_name,
[1;32m     10[0m     bouts_category_name_short,
[1;32m     11[0m     bouts_category_color,
[1;32m     12[0m     cmp_bouts,
[1;32m     13[0m )

File [0;32m/opt/hostedtoolcache/Python/3.10.15/x64/lib/python3.10/site-packages/megabouts/pipeline/__init__.py:3[0m
[1;32m      1[0m [38;5;28;01mfrom[39;00m [38;5;21;01m.[39;00m[38;5;21;01mfreely_swimming_pipeline[39;00m [38;5;28;01mimport[39;00m EthogramHeadTracking, HeadTrackingPipeline
[1;32m      2[0m [38;5;28;01mfrom[39;00m [38;5;21;01m.[39;00m[38;5;21;01mfreely_swimming_pipeline[39;00m [38;5;28;01mimport[39;00m EthogramFullTracking, FullTrackingPipeline
[0;32m----> 3[0m [38;5;28;01mfrom[39;00m [38;5;21;01m.[39;00m[38;5;21;01mhead_restrained_pipeline[39;00m [38;5;28;01mimport[39;00m HeadRestrainedPipeline
[1;32m      6[0m __all__ [38;5;241m=[39m [
[1;32m      7[0m     [38;5;124m"[39m[38;5;124mEthogramHeadTracking[39m[38;5;124m"[39m,
[1;32m      8[0m     [38;5;124m"[39m[38;5;124mHeadTrackingPipeline[39m[38;5;124m"[39m,
[0;32m   (...)[0m
[1;32m     11[0m     [38;5;124m"[39m[38;5;124mFullTrackingPipeline[39m[38;5;124m"[39m,
[1;32m     12[0m ]

File [0;32m/opt/hostedtoolcache/Python/3.10.15/x64/lib/python3.10/site-packages/megabouts/pipeline/head_restrained_pipeline.py:9[0m
[1;32m      5[0m [38;5;28;01mfrom[39;00m [38;5;21;01m.[39;00m[38;5;21;01m.[39;00m[38;5;21;01msegmentation[39;00m[38;5;21;01m.[39;00m[38;5;21;01msegmentation[39;00m [38;5;28;01mimport[39;00m Segmentation
[1;32m      8[0m [38;5;28;01mfrom[39;00m [38;5;21;01m.[39;00m[38;5;21;01m.[39;00m[38;5;21;01mconfig[39;00m[38;5;21;01m.[39;00m[38;5;21;01msparse_coding_config[39;00m [38;5;28;01mimport[39;00m SparseCodingConfig
[0;32m----> 9[0m [38;5;28;01mfrom[39;00m [38;5;21;01m.[39;00m[38;5;21;01m.[39;00m[38;5;21;01msparse_coding[39;00m[38;5;21;01m.[39;00m[38;5;21;01msparse_coding[39;00m [38;5;28;01mimport[39;00m SparseCoding
[1;32m     11[0m [38;5;28;01mfrom[39;00m [38;5;21;01m.[39;00m[38;5;21;01m.[39;00m[38;5;21;01mpipeline[39;00m[38;5;21;01m.[39;00m[38;5;21;01mbase_pipeline[39;00m [38;5;28;01mimport[39;00m Pipeline
[1;32m     14[0m [38;5;28;01mclass[39;00m [38;5;21;01mHeadRestrainedPipeline[39;00m(Pipeline):

[0;31mModuleNotFoundError[0m: No module named 'megabouts.sparse_coding'
ModuleNotFoundError: No module named 'megabouts.sparse_coding'

